<?xml version="1.0" encoding="UTF-8"?>
<!-- Generated by org.testng.reporters.JUnitXMLReporter -->
<testsuite hostname="DESKTOP-94TGLMS" name="TestCases" tests="6" failures="0" timestamp="23 Oct 2020 16:18:23 GMT" time="657.295" errors="0">
  <testcase name="testAddProductToQuote" time="132.059" classname="cpqTests.CPQQuoteCreationTest"/>
  <testcase name="testAddProductDetailsToQuote" time="280.87" classname="cpqTests.CPQQuoteCreationTest"/>
  <testcase name="testEnterLegalAndTechnicalContactDetails" time="84.225" classname="cpqTests.CPQQuoteCreationTest"/>
  <testcase name="testSubmissionForCommercialApproval" time="15.801" classname="cpqTests.CPQQuoteCreationTest"/>
  <testcase name="testSubmissionForTechnicalApproval" time="51.622" classname="cpqTests.CPQQuoteCreationTest"/>
  <testcase name="testQuoteSEApproval" time="92.704" classname="cpqTests.CPQQuoteApprovalTest"/>
</testsuite> <!-- TestCases -->
