<?xml version="1.0" encoding="UTF-8"?>
<testng-results skipped="0" failed="0" total="1" passed="1">
  <reporter-output>
  </reporter-output>
  <suite name="Default suite" duration-ms="69366" started-at="2020-10-22T17:17:28Z" finished-at="2020-10-22T17:18:37Z">
    <groups>
      <group name="testQuoteSEApproval">
        <method signature="CPQQuoteApprovalTest.testQuoteSEApproval()[pri:0, instance:cpqTests.CPQQuoteApprovalTest@731a74c]" name="testQuoteSEApproval" class="cpqTests.CPQQuoteApprovalTest"/>
      </group> <!-- testQuoteSEApproval -->
    </groups>
    <test name="Default test" duration-ms="69366" started-at="2020-10-22T17:17:28Z" finished-at="2020-10-22T17:18:37Z">
      <class name="cpqTests.CPQQuoteApprovalTest">
        <test-method status="PASS" signature="setUp()[pri:0, instance:cpqTests.CPQQuoteApprovalTest@731a74c]" name="setUp" is-config="true" duration-ms="6269" started-at="2020-10-22T22:47:21Z" finished-at="2020-10-22T22:47:28Z">
          <reporter-output>
          </reporter-output>
        </test-method> <!-- setUp -->
        <test-method status="PASS" signature="testQuoteSEApproval()[pri:0, instance:cpqTests.CPQQuoteApprovalTest@731a74c]" name="testQuoteSEApproval" duration-ms="69343" started-at="2020-10-22T22:47:28Z" finished-at="2020-10-22T22:48:37Z">
          <reporter-output>
          </reporter-output>
        </test-method> <!-- testQuoteSEApproval -->
        <test-method status="PASS" signature="tearDownWebDriver()[pri:0, instance:cpqTests.CPQQuoteApprovalTest@731a74c]" name="tearDownWebDriver" is-config="true" duration-ms="1133" started-at="2020-10-22T22:48:37Z" finished-at="2020-10-22T22:48:38Z">
          <reporter-output>
          </reporter-output>
        </test-method> <!-- tearDownWebDriver -->
      </class> <!-- cpqTests.CPQQuoteApprovalTest -->
    </test> <!-- Default test -->
  </suite> <!-- Default suite -->
</testng-results>
